app/build/outputs/logs/manifest-merger-debug-report.txt
-- Merging decision tree log ---
manifest
ADDED from src\main\AndroidManifest.xml:2:1-75:12
	package
		ADDED from src\main\AndroidManifest.xml:3:5-39
		INJECTED from src\main\AndroidManifest.xml
		INJECTED from src\main\AndroidManifest.xml
	android:versionName
		ADDED from src\main\AndroidManifest.xml:5:5-30
		INJECTED from src\main\AndroidManifest.xml
		INJECTED from src\main\AndroidManifest.xml
	android:versionCode
		ADDED from src\main\AndroidManifest.xml:4:5-28
		INJECTED from src\main\AndroidManifest.xml
		INJECTED from src\main\AndroidManifest.xml
	xmlns:android
		ADDED from src\main\AndroidManifest.xml:2:11-69
uses-sdk
ADDED from src\main\AndroidManifest.xml:7:5-9:41
MERGED from [com.android.support:support-v4:23.4.0] AndroidManifest.xml:20:5-43
	android:targetSdkVersion
		ADDED from src\main\AndroidManifest.xml:9:9-38
		INJECTED from src\main\AndroidManifest.xml
		INJECTED from src\main\AndroidManifest.xml
	android:minSdkVersion
		ADDED from src\main\AndroidManifest.xml:8:9-35
		INJECTED from src\main\AndroidManifest.xml
		INJECTED from src\main\AndroidManifest.xml
uses-permission#android.permission.ACCESS_FINE_LOCATION
ADDED from src\main\AndroidManifest.xml:11:5-79
	android:name
		ADDED from src\main\AndroidManifest.xml:11:22-76
uses-permission#android.permission.ACCESS_COARSE_LOCATION
ADDED from src\main\AndroidManifest.xml:12:5-81
	android:name
		ADDED from src\main\AndroidManifest.xml:12:22-78
uses-permission#android.permission.INTERNET
ADDED from src\main\AndroidManifest.xml:13:5-67
	android:name
		ADDED from src\main\AndroidManifest.xml:13:22-64
application
ADDED from src\main\AndroidManifest.xml:15:5-73:19
MERGED from [com.android.support:support-v4:23.4.0] AndroidManifest.xml:22:5-20
	android:enabled
		ADDED from src\main\AndroidManifest.xml:18:9-31
	android:label
		ADDED from src\main\AndroidManifest.xml:20:9-41
	android:supportsRtl
		ADDED from src\main\AndroidManifest.xml:21:9-36
	android:allowTaskReparenting
		ADDED from src\main\AndroidManifest.xml:17:9-45
	android:allowBackup
		ADDED from src\main\AndroidManifest.xml:16:9-35
	android:icon
		ADDED from src\main\AndroidManifest.xml:19:9-45
	android:theme
		ADDED from src\main\AndroidManifest.xml:22:9-40
activity#cn.edu.wic.zzy.pureclock.activity.MainActivity
ADDED from src\main\AndroidManifest.xml:25:9-34:20
	android:label
		ADDED from src\main\AndroidManifest.xml:27:13-45
	android:theme
		ADDED from src\main\AndroidManifest.xml:28:13-77
	android:name
		ADDED from src\main\AndroidManifest.xml:26:13-50
intent-filter#android.intent.action.MAIN+android.intent.category.LAUNCHER
ADDED from src\main\AndroidManifest.xml:29:13-33:29
action#android.intent.action.MAIN
ADDED from src\main\AndroidManifest.xml:30:17-69
	android:name
		ADDED from src\main\AndroidManifest.xml:30:25-66
category#android.intent.category.LAUNCHER
ADDED from src\main\AndroidManifest.xml:32:17-77
	android:name
		ADDED from src\main\AndroidManifest.xml:32:27-74
activity#cn.edu.wic.zzy.pureclock.activity.SettingForDayDreamService
ADDED from src\main\AndroidManifest.xml:37:9-39:71
	android:label
		ADDED from src\main\AndroidManifest.xml:39:13-59
	android:name
		ADDED from src\main\AndroidManifest.xml:38:13-63
activity#cn.edu.wic.zzy.pureclock.activity.AboutMeActivity
ADDED from src\main\AndroidManifest.xml:42:9-45:78
	android:label
		ADDED from src\main\AndroidManifest.xml:44:13-60
	android:theme
		ADDED from src\main\AndroidManifest.xml:45:13-66
	android:name
		ADDED from src\main\AndroidManifest.xml:43:13-53
activity#cn.edu.wic.zzy.pureclock.activity.ChooseCityActivity
ADDED from src\main\AndroidManifest.xml:48:9-51:68
	android:label
		ADDED from src\main\AndroidManifest.xml:50:13-63
	android:theme
		ADDED from src\main\AndroidManifest.xml:51:13-56
	android:name
		ADDED from src\main\AndroidManifest.xml:49:13-56
service#cn.edu.wic.zzy.pureclock.service.ClockDayDreamService
ADDED from src\main\AndroidManifest.xml:54:9-70:19
	android:label
		ADDED from src\main\AndroidManifest.xml:57:13-38
	android:exported
		ADDED from src\main\AndroidManifest.xml:56:13-36
	android:permission
		ADDED from src\main\AndroidManifest.xml:58:13-71
	android:name
		ADDED from src\main\AndroidManifest.xml:55:13-57
intent-filter#android.intent.category.DEFAULT+android.service.dreams.DreamService
ADDED from src\main\AndroidManifest.xml:59:13-63:29
category#android.intent.category.DEFAULT
ADDED from src\main\AndroidManifest.xml:60:17-76
	android:name
		ADDED from src\main\AndroidManifest.xml:60:27-73
action#android.service.dreams.DreamService
ADDED from src\main\AndroidManifest.xml:62:17-78
	android:name
		ADDED from src\main\AndroidManifest.xml:62:25-75